Station information file
--------------------------------------------------------------------------------

FORMAT VERSION: 1.01
TECHNIQUE:      GNSS

TYPE 001: RENAMING OF STATIONS
--------------------------------------

STATION NAME          FLG          FROM                   TO         OLD STATION NAME      REMARK
MDVJ 12309M005        001  2013 01 18 00 00 00  2013 01 19 00 00 00  MDVJ*                 From MDVJ0180.13O - Название из имени файла
MDVJ 12309M005        001  2013 01 19 00 00 00  2013 01 20 00 00 00  MDVJ*                 From MDVJ12309M005.SMT  
MDVJ 12309M005        001  2013 01 20 00 00 00  2013 01 21 00 00 00  MDVJ*                 From MDVJ12309M005.SMT  
MDVJ 12309M005        001  2013 01 21 00 00 00  2013 01 22 00 00 00  MDVJ*                 From MDVJ12309M005.SMT  
MDVJ 12309M005        001  2013 01 22 00 00 00  9999 12 31 00 00 00  MDVJ*                 From MDVJ12309M005.SMT  



MDVJ 12309M005        001  2013 01 18 00 00 00  9999 12 31 00 00 00  MDVJ*                 From MDVJ0180.13O




ONSA 10402M004        001  2013 04 09 00 00 00  2013 04 10 00 00 00  ONSA*                 From ONSA10402M004.SMT  
ONSA 10402M004        001  2013 04 10 00 00 00  2013 04 11 00 00 00  ONSA*                 From ONSA10402M004.SMT  
ONSA 10402M004        001  2013 04 11 00 00 00  2013 04 12 00 00 00  ONSA*                 From ONSA10402M004.SMT  
ONSA 10402M004        001  2013 04 12 00 00 00  9999 12 31 00 00 00  ONSA*                 From ONSA10402M004.SMT  
PERT 50133M001        001  2004 12 24 00 00 00  2004 12 25 00 00 00  PERT*                 From PERT50133M001.SMT  
PERT 50133M001        001  2004 12 25 00 00 00  2004 12 26 00 00 00  PERT*                 From PERT50133M001.SMT  
PERT 50133M001        001  2004 12 26 00 00 00  2004 12 27 00 00 00  PERT*                 From PERT50133M001.SMT  
PERT 50133M001        001  2004 12 27 00 00 00  2004 12 28 00 00 00  PERT*                 From PERT50133M001.SMT  
PERT 50133M001        001  2004 12 28 00 00 00  9999 12 31 00 00 00  PERT*                 From PERT50133M001.SMT  
ULAB 24201M001        001  2004 08 23 00 00 00  2004 08 24 00 00 00  ULAB*                 From ULAB24201M001.SMT  
ULAB 24201M001        001  2004 08 24 00 00 00  2004 08 25 00 00 00  ULAB*                 From ULAB24201M001.SMT  
ULAB 24201M001        001  2004 08 25 00 00 00  2004 08 26 00 00 00  ULAB*                 From ULAB24201M001.SMT  
ULAB 24201M001        001  2004 08 26 00 00 00  2004 08 27 00 00 00  ULAB*                 From ULAB24201M001.SMT  
ULAB 24201M001        001  2004 08 27 00 00 00  9999 12 31 00 00 00  ULAB*                 From ULAB24201M001.SMT  
WSRT 13506M005        001  2013 10 06 00 00 00  2013 10 07 00 00 00  WSRT*                 From WSRT13506M005.SMT  
WSRT 13506M005        001  2013 10 07 00 00 00  2013 10 08 00 00 00  WSRT*                 From WSRT13506M005.SMT  
WSRT 13506M005        001  2013 10 08 00 00 00  2013 10 09 00 00 00  WSRT*                 From WSRT13506M005.SMT  
WSRT 13506M005        001  2013 10 09 00 00 00  2013 10 10 00 00 00  WSRT*                 From WSRT13506M005.SMT  
WSRT 13506M005        001  2013 10 10 00 00 00  9999 12 31 00 00 00  WSRT*                 From WSRT13506M005.SMT  
WUHN 21602M001        001  2013 08 01 00 00 00  2013 08 02 00 00 00  WUHN*                 From WUHN21602M001.SMT  
WUHN 21602M001        001  2013 08 02 00 00 00  2013 08 03 00 00 00  WUHN*                 From WUHN21602M001.SMT  
WUHN 21602M001        001  2013 08 03 00 00 00  2013 08 04 00 00 00  WUHN*                 From WUHN21602M001.SMT  
WUHN 21602M001        001  2013 08 04 00 00 00  2013 08 05 00 00 00  WUHN*                 From WUHN21602M001.SMT  
WUHN 21602M001        001  2013 08 05 00 00 00  9999 12 31 00 00 00  WUHN*                 From WUHN21602M001.SMT  
CHUM 25601M001        001  2002 01 01 00 00 00  2002 01 02 00 00 00  CHUM*                 From CHUM25601M001.SMT  
CHUM 25601M001        001  2002 01 02 00 00 00  2002 01 03 00 00 00  CHUM*                 From CHUM25601M001.SMT  
CHUM 25601M001        001  2002 01 03 00 00 00  2002 01 04 00 00 00  CHUM*                 From CHUM25601M001.SMT  
CHUM 25601M001        001  2002 01 04 00 00 00  2002 01 05 00 00 00  CHUM*                 From CHUM25601M001.SMT  
CHUM 25601M001        001  2002 01 05 00 00 00  2002 01 06 00 00 00  CHUM*                 From CHUM25601M001.SMT  
CHUM 25601M001        001  2002 01 06 00 00 00  2002 01 07 00 00 00  CHUM*                 From CHUM25601M001.SMT  
CHUM 25601M001        001  2002 01 07 00 00 00  2002 01 08 00 00 00  CHUM*                 From CHUM25601M001.SMT  
CHUM 25601M001        001  2002 01 08 00 00 00  2002 01 09 00 00 00  CHUM*                 From CHUM25601M001.SMT  
CHUM 25601M001        001  2002 01 09 00 00 00  2002 01 10 00 00 00  CHUM*                 From CHUM25601M001.SMT  
CHUM 25601M001        001  2002 01 10 00 00 00  2002 01 11 00 00 00  CHUM*                 From CHUM25601M001.SMT  
CHUM 25601M001        001  2002 01 11 00 00 00  2023 01 01 00 00 00  CHUM*                 From CHUM25601M001.SMT  
CHUM 25601M001        001  2023 01 01 00 00 00  2023 01 02 00 00 00  CHUM*                 From CHUM25601M001.SMT  
CHUM 25601M001        001  2023 01 02 00 00 00  2023 01 03 00 00 00  CHUM*                 From CHUM25601M001.SMT  
CHUM 25601M001        001  2023 01 03 00 00 00  2023 01 04 00 00 00  CHUM*                 From CHUM25601M001.SMT  
CHUM 25601M001        001  2023 01 04 00 00 00  2023 01 05 00 00 00  CHUM*                 From CHUM25601M001.SMT  
CHUM 25601M001        001  2023 01 05 00 00 00  2023 01 06 00 00 00  CHUM*                 From CHUM25601M001.SMT  
CHUM 25601M001        001  2023 01 06 00 00 00  2023 01 07 00 00 00  CHUM*                 From CHUM25601M001.SMT  
CHUM 25601M001        001  2023 01 07 00 00 00  2023 01 08 00 00 00  CHUM*                 From CHUM25601M001.SMT  
CHUM 25601M001        001  2023 01 08 00 00 00  2023 01 09 00 00 00  CHUM*                 From CHUM25601M001.SMT  
CHUM 25601M001        001  2023 01 09 00 00 00  2023 01 10 00 00 00  CHUM*                 From CHUM25601M001.SMT  
CHUM 25601M001        001  2023 01 10 00 00 00  2023 01 11 00 00 00  CHUM*                 From CHUM25601M001.SMT  
CHUM 25601M001        001  2023 01 11 00 00 00  9999 12 31 00 00 00  CHUM*                 From CHUM25601M001.SMT  

TYPE 002: STATION INFORMATION
--------------------------------------

STATION NAME          FLG          FROM                   TO         RECEIVER TYPE         RECEIVER SERIAL NBR   REC #   ANTENNA TYPE          ANTENNA SERIAL NBR    ANT #    NORTH      EAST      UP      DESCRIPTION             REMARK
MDVJ 12309M005        001  2013 01 18 00 00 00  2013 01 19 00 00 00  TPS NETG3             401                   401     JPSREGANT_DD_E1 NONE  RA0195                RA0195    0.0000    0.0000    0.1660  MDVJ 12309M005          From MDVJ12309M005.SMT  
MDVJ 12309M005        001  2013 01 19 00 00 00  2013 01 20 00 00 00  TPS NETG3             401                   401     JPSREGANT_DD_E1 NONE  RA0195                RA0195    0.0000    0.0000    0.1660  MDVJ 12309M005          From MDVJ12309M005.SMT  
MDVJ 12309M005        001  2013 01 20 00 00 00  2013 01 21 00 00 00  TPS NETG3             401                   401     JPSREGANT_DD_E1 NONE  RA0195                RA0195    0.0000    0.0000    0.1660  MDVJ 12309M005          From MDVJ12309M005.SMT  
MDVJ 12309M005        001  2013 01 21 00 00 00  2013 01 22 00 00 00  TPS NETG3             401                   401     JPSREGANT_DD_E1 NONE  RA0195                RA0195    0.0000    0.0000    0.1660  MDVJ 12309M005          From MDVJ12309M005.SMT  


MDVJ 12309M005        001  2013 01 18 00 00 00  2013 01 22 00 00 00  TPS NETG3             401                   401     JPSREGANT_DD_E1 NONE  RA0195                RA0195    0.0000    0.0000    0.1660  MDVJ 12309M005          From MDVJ12309M005.SMT  



MDVJ 12309M005        001  2013 01 22 00 00 00  9999 12 31 00 00 00  TPS NETG3             401                   401     JPSREGANT_DD_E1 NONE  RA0195                RA0195    0.0000    0.0000    0.1660  MDVJ 12309M005          From MDVJ12309M005.SMT  
ONSA 10402M004        001  2013 04 09 00 00 00  2013 04 10 00 00 00  JPS E_GGD             AG72YY                AG72YY  AOAD/M_B        OSOD  020                   020       0.0000    0.0000    0.9950  ONSA 10402M004          From ONSA10402M004.SMT  
ONSA 10402M004        001  2013 04 10 00 00 00  2013 04 11 00 00 00  JPS E_GGD             AG72YY                AG72YY  AOAD/M_B        OSOD  020                   020       0.0000    0.0000    0.9950  ONSA 10402M004          From ONSA10402M004.SMT  
ONSA 10402M004        001  2013 04 11 00 00 00  2013 04 12 00 00 00  JPS E_GGD             AG72YY                AG72YY  AOAD/M_B        OSOD  020                   020       0.0000    0.0000    0.9950  ONSA 10402M004          From ONSA10402M004.SMT  
ONSA 10402M004        001  2013 04 12 00 00 00  9999 12 31 00 00 00  JPS E_GGD             AG72YY                AG72YY  AOAD/M_B        OSOD  020                   020       0.0000    0.0000    0.9950  ONSA 10402M004          From ONSA10402M004.SMT  
PERT 50133M001        001  2004 12 24 00 00 00  2004 12 25 00 00 00  ASHTECH UZ-12         200313                200313  ASH701945C_M    NONE  CR6200                CR6200    0.0000    0.0000    0.0595  PERT 50133M001          From PERT50133M001.SMT  
PERT 50133M001        001  2004 12 25 00 00 00  2004 12 26 00 00 00  ASHTECH UZ-12         200313                200313  ASH701945C_M    NONE  CR6200                CR6200    0.0000    0.0000    0.0595  PERT 50133M001          From PERT50133M001.SMT  
PERT 50133M001        001  2004 12 26 00 00 00  2004 12 27 00 00 00  ASHTECH UZ-12         200313                200313  ASH701945C_M    NONE  CR6200                CR6200    0.0000    0.0000    0.0595  PERT 50133M001          From PERT50133M001.SMT  
PERT 50133M001        001  2004 12 27 00 00 00  2004 12 28 00 00 00  ASHTECH UZ-12         200313                200313  ASH701945C_M    NONE  CR6200                CR6200    0.0000    0.0000    0.0595  PERT 50133M001          From PERT50133M001.SMT  
PERT 50133M001        001  2004 12 28 00 00 00  9999 12 31 00 00 00  ASHTECH UZ-12         200313                200313  ASH701945C_M    NONE  CR6200                CR6200    0.0000    0.0000    0.0595  PERT 50133M001          From PERT50133M001.SMT  
ULAB 24201M001        001  2004 08 23 00 00 00  2004 08 24 00 00 00  AOA SNR-8000 ACT      287-U                 287-U   AOAD/M_T        NONE  340-U                 340-U     0.0000    0.0000    0.0460  ULAB 24201M001          From ULAB24201M001.SMT  
ULAB 24201M001        001  2004 08 24 00 00 00  2004 08 25 00 00 00  AOA SNR-8000 ACT      287-U                 287-U   AOAD/M_T        NONE  340-U                 340-U     0.0000    0.0000    0.0460  ULAB 24201M001          From ULAB24201M001.SMT  
ULAB 24201M001        001  2004 08 25 00 00 00  2004 08 26 00 00 00  AOA SNR-8000 ACT      287-U                 287-U   AOAD/M_T        NONE  340-U                 340-U     0.0000    0.0000    0.0460  ULAB 24201M001          From ULAB24201M001.SMT  
ULAB 24201M001        001  2004 08 26 00 00 00  2004 08 27 00 00 00  AOA SNR-8000 ACT      287-U                 287-U   AOAD/M_T        NONE  340-U                 340-U     0.0000    0.0000    0.0460  ULAB 24201M001          From ULAB24201M001.SMT  
ULAB 24201M001        001  2004 08 27 00 00 00  9999 12 31 00 00 00  AOA SNR-8000 ACT      287-U                 287-U   AOAD/M_T        NONE  340-U                 340-U     0.0000    0.0000    0.0460  ULAB 24201M001          From ULAB24201M001.SMT  
WSRT 13506M005        001  2013 10 06 00 00 00  2013 10 07 00 00 00  AOA SNR-12 ACT        229                   229     AOAD/M_T        DUTD  273                   273       0.0000    0.0000    0.3888  WSRT 13506M005          From WSRT13506M005.SMT  
WSRT 13506M005        001  2013 10 07 00 00 00  2013 10 08 00 00 00  AOA SNR-12 ACT        229                   229     AOAD/M_T        DUTD  273                   273       0.0000    0.0000    0.3888  WSRT 13506M005          From WSRT13506M005.SMT  
WSRT 13506M005        001  2013 10 08 00 00 00  2013 10 09 00 00 00  AOA SNR-12 ACT        229                   229     AOAD/M_T        DUTD  273                   273       0.0000    0.0000    0.3888  WSRT 13506M005          From WSRT13506M005.SMT  
WSRT 13506M005        001  2013 10 09 00 00 00  2013 10 10 00 00 00  AOA SNR-12 ACT        229                   229     AOAD/M_T        DUTD  273                   273       0.0000    0.0000    0.3888  WSRT 13506M005          From WSRT13506M005.SMT  
WSRT 13506M005        001  2013 10 10 00 00 00  9999 12 31 00 00 00  AOA SNR-12 ACT        229                   229     AOAD/M_T        DUTD  273                   273       0.0000    0.0000    0.3888  WSRT 13506M005          From WSRT13506M005.SMT  
WUHN 21602M001        001  2013 08 01 00 00 00  2013 08 02 00 00 00  TRIMBLE NETR8         4918K3                4918K3  TRM59800.00     ENCL  4852A6                4852A6    0.0094    0.0022    2.3612  WUHN 21602M001          From WUHN21602M001.SMT  
WUHN 21602M001        001  2013 08 02 00 00 00  2013 08 03 00 00 00  TRIMBLE NETR8         4918K3                4918K3  TRM59800.00     ENCL  4852A6                4852A6    0.0094    0.0022    2.3612  WUHN 21602M001          From WUHN21602M001.SMT  
WUHN 21602M001        001  2013 08 03 00 00 00  2013 08 04 00 00 00  TRIMBLE NETR8         4918K3                4918K3  TRM59800.00     ENCL  4852A6                4852A6    0.0094    0.0022    2.3612  WUHN 21602M001          From WUHN21602M001.SMT  
WUHN 21602M001        001  2013 08 04 00 00 00  2013 08 05 00 00 00  TRIMBLE NETR8         4918K3                4918K3  TRM59800.00     ENCL  4852A6                4852A6    0.0094    0.0022    2.3612  WUHN 21602M001          From WUHN21602M001.SMT  
WUHN 21602M001        001  2013 08 05 00 00 00  9999 12 31 00 00 00  TRIMBLE NETR8         4918K3                4918K3  TRM59800.00     ENCL  4852A6                4852A6    0.0094    0.0022    2.3612  WUHN 21602M001          From WUHN21602M001.SMT  
CHUM 25601M001        001  2002 01 01 00 00 00  2002 01 02 00 00 00  ROGUE SNR-8000        T136                  T136    AOAD/M_T        NONE  113                   113       0.0000    0.0000    0.0900  CHUM 25601M001          From CHUM25601M001.SMT  
CHUM 25601M001        001  2002 01 02 00 00 00  2002 01 03 00 00 00  ROGUE SNR-8000        T136                  T136    AOAD/M_T        NONE  113                   113       0.0000    0.0000    0.0900  CHUM 25601M001          From CHUM25601M001.SMT  
CHUM 25601M001        001  2002 01 03 00 00 00  2002 01 04 00 00 00  ROGUE SNR-8000        T136                  T136    AOAD/M_T        NONE  113                   113       0.0000    0.0000    0.0900  CHUM 25601M001          From CHUM25601M001.SMT  
CHUM 25601M001        001  2002 01 04 00 00 00  2002 01 05 00 00 00  ROGUE SNR-8000        T136                  T136    AOAD/M_T        NONE  113                   113       0.0000    0.0000    0.0900  CHUM 25601M001          From CHUM25601M001.SMT  
CHUM 25601M001        001  2002 01 05 00 00 00  2002 01 06 00 00 00  ROGUE SNR-8000        T136                  T136    AOAD/M_T        NONE  113                   113       0.0000    0.0000    0.0900  CHUM 25601M001          From CHUM25601M001.SMT  
CHUM 25601M001        001  2002 01 06 00 00 00  2002 01 07 00 00 00  ROGUE SNR-8000        T136                  T136    AOAD/M_T        NONE  113                   113       0.0000    0.0000    0.0900  CHUM 25601M001          From CHUM25601M001.SMT  
CHUM 25601M001        001  2002 01 07 00 00 00  2002 01 08 00 00 00  ROGUE SNR-8000        T136                  T136    AOAD/M_T        NONE  113                   113       0.0000    0.0000    0.0900  CHUM 25601M001          From CHUM25601M001.SMT  
CHUM 25601M001        001  2002 01 08 00 00 00  2002 01 09 00 00 00  ROGUE SNR-8000        T136                  T136    AOAD/M_T        NONE  113                   113       0.0000    0.0000    0.0900  CHUM 25601M001          From CHUM25601M001.SMT  
CHUM 25601M001        001  2002 01 09 00 00 00  2002 01 10 00 00 00  ROGUE SNR-8000        T136                  T136    AOAD/M_T        NONE  113                   113       0.0000    0.0000    0.0900  CHUM 25601M001          From CHUM25601M001.SMT  
CHUM 25601M001        001  2002 01 10 00 00 00  2002 01 11 00 00 00  ROGUE SNR-8000        T136                  T136    AOAD/M_T        NONE  113                   113       0.0000    0.0000    0.0900  CHUM 25601M001          From CHUM25601M001.SMT  


CHUM 25601M001        001  2002 01 11 00 00 00  2023 01 01 00 00 00  ROGUE SNR-8000        T136                  T136    AOAD/M_T        NONE  113                   113       0.0000    0.0000    0.0900  CHUM 25601M001          From CHUM25601M001.SMT  
CHUM 25601M001        001  2023 01 01 00 00 00  2023 01 02 00 00 00  TRIMBLE NETRS         454926                454926  TRM29659.00     NONE  237                   237       0.0000    0.0000    0.0900  CHUM 25601M001          From CHUM25601M001.SMT  



CHUM 25601M001        001  2023 01 02 00 00 00  2023 01 03 00 00 00  TRIMBLE NETRS         454926                454926  AOAD/M_T        NONE  237                   237       0.0000    0.0000    0.0900  CHUM 25601M001          From CHUM25601M001.SMT  
CHUM 25601M001        001  2023 01 03 00 00 00  2023 01 04 00 00 00  TRIMBLE NETRS         454926                454926  AOAD/M_T        NONE  237                   237       0.0000    0.0000    0.0900  CHUM 25601M001          From CHUM25601M001.SMT  
CHUM 25601M001        001  2023 01 04 00 00 00  2023 01 05 00 00 00  TRIMBLE NETRS         454926                454926  AOAD/M_T        NONE  237                   237       0.0000    0.0000    0.0900  CHUM 25601M001          From CHUM25601M001.SMT  
CHUM 25601M001        001  2023 01 05 00 00 00  2023 01 06 00 00 00  TRIMBLE NETRS         454926                454926  AOAD/M_T        NONE  237                   237       0.0000    0.0000    0.0900  CHUM 25601M001          From CHUM25601M001.SMT  
CHUM 25601M001        001  2023 01 06 00 00 00  2023 01 07 00 00 00  TRIMBLE NETRS         454926                454926  AOAD/M_T        NONE  237                   237       0.0000    0.0000    0.0900  CHUM 25601M001          From CHUM25601M001.SMT  
CHUM 25601M001        001  2023 01 07 00 00 00  2023 01 08 00 00 00  TRIMBLE NETRS         454926                454926  AOAD/M_T        NONE  237                   237       0.0000    0.0000    0.0900  CHUM 25601M001          From CHUM25601M001.SMT  
CHUM 25601M001        001  2023 01 08 00 00 00  2023 01 09 00 00 00  TRIMBLE NETRS         454926                454926  AOAD/M_T        NONE  237                   237       0.0000    0.0000    0.0900  CHUM 25601M001          From CHUM25601M001.SMT  
CHUM 25601M001        001  2023 01 09 00 00 00  2023 01 10 00 00 00  TRIMBLE NETRS         454926                454926  AOAD/M_T        NONE  237                   237       0.0000    0.0000    0.0900  CHUM 25601M001          From CHUM25601M001.SMT  
CHUM 25601M001        001  2023 01 10 00 00 00  2023 01 11 00 00 00  TRIMBLE NETRS         454926                454926  AOAD/M_T        NONE  237                   237       0.0000    0.0000    0.0900  CHUM 25601M001          From CHUM25601M001.SMT  
CHUM 25601M001        001  2023 01 11 00 00 00  9999 12 31 00 00 00  TRIMBLE NETRS         454926                454926  AOAD/M_T        NONE  237                   237       0.0000    0.0000    0.0900  CHUM 25601M001          From CHUM25601M001.SMT  


TYPE 003: HANDLING OF STATION PROBLEMS
--------------------------------------

STATION NAME          FLG          FROM                   TO         REMARK
****************      ***  YYYY MM DD HH MM SS  YYYY MM DD HH MM SS  ************************************************************


TYPE 004: STATION COORDINATES AND VELOCITIES (ADDNEQ)
--------------------------------------
                                            RELATIVE CONSTR. POSITION     RELATIVE CONSTR. VELOCITY
STATION NAME 1        STATION NAME 2        NORTH     EAST      UP        NORTH     EAST      UP
****************      ****************      **.*****  **.*****  **.*****  **.*****  **.*****  **.*****


TYPE 005: HANDLING STATION TYPES
--------------------------------------

STATION NAME          FLG  FROM                 TO                   MARKER TYPE           REMARK
****************      ***  YYYY MM DD HH MM SS  YYYY MM DD HH MM SS  ********************  ************************
